=== Suite started at 2015-03-05 14:40:19
=== Starting test, 4 test cases
=cases         4
=user          gram
=host          Gram-MBP
=hosts         Gram-MBP 
=emulator_vsn  6.3
=emulator      beam
=otp_release   17
=started       2015-03-05 14:40:19
=case          matchmaker_SUITE:init_per_suite
=logfile       matchmaker_suite.init_per_suite.html
=started       2015-03-05 14:40:19
=ended         2015-03-05 14:40:20
=result        ok
=elapsed       0.153093
=case          matchmaker_SUITE:enter_queue
=logfile       matchmaker_suite.enter_queue.html
=started       2015-03-05 14:40:20
=ended         2015-03-05 14:40:20
=result        ok
=elapsed       1.06e-4
=case          matchmaker_SUITE:enter_queue_as_record
=logfile       matchmaker_suite.enter_queue_as_record.html
=started       2015-03-05 14:40:20
=ended         2015-03-05 14:40:20
=result        ok
=elapsed       2.39e-4
=case          matchmaker_SUITE:get_players_in_queue
=logfile       matchmaker_suite.get_players_in_queue.html
=started       2015-03-05 14:40:20
=ended         2015-03-05 14:40:20
=result        failed: {{badmatch,
                            {atomic,
                                [{"C",1630},
                                 {"J",1450},
                                 {"G",1330},
                                 {"K",1610},
                                 {"I",1530},
                                 {"A",1230},
                                 {"E",1730},
                                 {"Gram Player",1630},
                                 {"B",1530},
                                 {"Gram",1630},
                                 {"F",1590},
                                 {"H",1630},
                                 {"D",1430}]}},
                        [{matchmaker_SUITE,get_players_in_queue,1,
                             [{file,"matchmaker_SUITE.erl"},{line,58}]},
                         {test_server,ts_tc,3,
                             [{file,"test_server.erl"},{line,1415}]},
                         {test_server,run_test_case_eval1,6,
                             [{file,"test_server.erl"},{line,1028}]},
                         {test_server,run_test_case_eval,9,
                             [{file,"test_server.erl"},{line,976}]}]}, [{matchmaker_SUITE,
                                                                         get_players_in_queue,
                                                                         58},
                                                                        {test_server,
                                                                         ts_tc,
                                                                         1415},
                                                                        {test_server,
                                                                         run_test_case_eval1,
                                                                         1028},
                                                                        {test_server,
                                                                         run_test_case_eval,
                                                                         976}]
=== *** FAILED test case 3 of 4 ***
=case          matchmaker_SUITE:find_match_three_v_three
=logfile       matchmaker_suite.find_match_three_v_three.html
=started       2015-03-05 14:40:20
=ended         2015-03-05 14:40:20
=result        failed: {{badmatch,
                            #{"A" => 1230,
                              "B" => 1530,
                              "C" => 1630,
                              "D" => 1430,
                              "E" => 1730,
                              "F" => 1590,
                              "G" => 1330,
                              "Gram" => 1630,
                              "Gram Player" => 1630,
                              "H" => 1630,
                              "I" => 1530,
                              "J" => 1450,
                              "K" => 1610}},
                        [{matchmaker_SUITE,find_match_three_v_three,1,
                             [{file,"matchmaker_SUITE.erl"},{line,62}]},
                         {test_server,ts_tc,3,
                             [{file,"test_server.erl"},{line,1415}]},
                         {test_server,run_test_case_eval1,6,
                             [{file,"test_server.erl"},{line,1028}]},
                         {test_server,run_test_case_eval,9,
                             [{file,"test_server.erl"},{line,976}]}]}, [{matchmaker_SUITE,
                                                                         find_match_three_v_three,
                                                                         62},
                                                                        {test_server,
                                                                         ts_tc,
                                                                         1415},
                                                                        {test_server,
                                                                         run_test_case_eval1,
                                                                         1028},
                                                                        {test_server,
                                                                         run_test_case_eval,
                                                                         976}]
=== *** FAILED test case 4 of 4 ***
=case          matchmaker_SUITE:end_per_suite
=logfile       matchmaker_suite.end_per_suite.html
=started       2015-03-05 14:40:20
=ended         2015-03-05 14:40:20
=result        ok
=elapsed       0.008114
=group_time    0.320s
=== TEST COMPLETE, 2 ok, 2 failed of 4 test cases

=finished      2015-03-05 14:40:20
=failed        2
=successful    2
=user_skipped  0
=auto_skipped  0
